# JRE version: OpenJDK Runtime Environment (17.0.10) (build 17.0.10+0--11572160)
# Java VM: OpenJDK 64-Bit Server VM (17.0.10+0--11572160, mixed mode, tiered, compressed oops, compressed class ptrs, g1 gc, windows-amd64)
GC Precious Log:
 CPUs: 12 total, 12 available
 Memory: 15741M
 Large Page Support: Disabled
 NUMA Support: Disabled
 Compressed Oops: Enabled (32-bit)
 Heap Region Size: 1M
 Heap Min Capacity: 8M
 Heap Initial Capacity: 246M
 Heap Max Capacity: 2G
 Pre-touch: Disabled
 Parallel Workers: 10
 Concurrent Workers: 3
 Concurrent Refinement Workers: 10
 Periodic GC: Disabled
Heap:
 garbage-first heap   total 281600K, used 116928K [0x0000000080000000, 0x0000000100000000)
  region size 1024K, 6 young (6144K), 6 survivors (6144K)
 Metaspace       used 142080K, committed 143104K, reserved 1179648K
  class space    used 19922K, committed 20416K, reserved 1048576K
GC Heap History (20 events):
Event: 113.030 GC heap after
{Heap after GC invocations=63 (full 0):
 garbage-first heap   total 281600K, used 115684K [0x0000000080000000, 0x0000000100000000)
  region size 1024K, 2 young (2048K), 2 survivors (2048K)
 Metaspace       used 139969K, committed 140864K, reserved 1179648K
  class space    used 19819K, committed 20224K, reserved 1048576K
}
Event: 113.726 GC heap before
{Heap before GC invocations=63 (full 0):
 garbage-first heap   total 281600K, used 175076K [0x0000000080000000, 0x0000000100000000)
  region size 1024K, 62 young (63488K), 2 survivors (2048K)
 Metaspace       used 140431K, committed 141312K, reserved 1179648K
  class space    used 19838K, committed 20288K, reserved 1048576K
}
Event: 113.733 GC heap after
{Heap after GC invocations=64 (full 0):
 garbage-first heap   total 281600K, used 124358K [0x0000000080000000, 0x0000000100000000)
  region size 1024K, 11 young (11264K), 11 survivors (11264K)
 Metaspace       used 140431K, committed 141312K, reserved 1179648K
  class space    used 19838K, committed 20288K, reserved 1048576K
}
Event: 318.108 GC heap before
{Heap before GC invocations=65 (full 0):
 garbage-first heap   total 281600K, used 256454K [0x0000000080000000, 0x0000000100000000)
  region size 1024K, 113 young (115712K), 11 survivors (11264K)
 Metaspace       used 140968K, committed 141888K, reserved 1179648K
  class space    used 19867K, committed 20288K, reserved 1048576K
}
Event: 318.116 GC heap after
{Heap after GC invocations=66 (full 0):
 garbage-first heap   total 281600K, used 124894K [0x0000000080000000, 0x0000000100000000)
  region size 1024K, 4 young (4096K), 4 survivors (4096K)
 Metaspace       used 140968K, committed 141888K, reserved 1179648K
  class space    used 19867K, committed 20288K, reserved 1048576K
}
Event: 318.204 GC heap before
{Heap before GC invocations=66 (full 0):
 garbage-first heap   total 281600K, used 134110K [0x0000000080000000, 0x0000000100000000)
  region size 1024K, 13 young (13312K), 4 survivors (4096K)
 Metaspace       used 140995K, committed 141952K, reserved 1179648K
  class space    used 19867K, committed 20288K, reserved 1048576K
}
Event: 318.214 GC heap after
{Heap after GC invocations=67 (full 0):
 garbage-first heap   total 281600K, used 111709K [0x0000000080000000, 0x0000000100000000)
  region size 1024K, 2 young (2048K), 2 survivors (2048K)
 Metaspace       used 140995K, committed 141952K, reserved 1179648K
  class space    used 19867K, committed 20288K, reserved 1048576K
}
Event: 318.817 GC heap before
{Heap before GC invocations=67 (full 0):
 garbage-first heap   total 281600K, used 165981K [0x0000000080000000, 0x0000000100000000)
  region size 1024K, 56 young (57344K), 2 survivors (2048K)
 Metaspace       used 141237K, committed 142208K, reserved 1179648K
  class space    used 19870K, committed 20352K, reserved 1048576K
}
Event: 318.824 GC heap after
{Heap after GC invocations=68 (full 0):
 garbage-first heap   total 281600K, used 119893K [0x0000000080000000, 0x0000000100000000)
  region size 1024K, 10 young (10240K), 10 survivors (10240K)
 Metaspace       used 141237K, committed 142208K, reserved 1179648K
  class space    used 19870K, committed 20352K, reserved 1048576K
}
Event: 488.355 GC heap before
{Heap before GC invocations=69 (full 0):
 garbage-first heap   total 281600K, used 253013K [0x0000000080000000, 0x0000000100000000)
  region size 1024K, 114 young (116736K), 10 survivors (10240K)
 Metaspace       used 141526K, committed 142464K, reserved 1179648K
  class space    used 19888K, committed 20352K, reserved 1048576K
}
Event: 488.366 GC heap after
{Heap after GC invocations=70 (full 0):
 garbage-first heap   total 281600K, used 121298K [0x0000000080000000, 0x0000000100000000)
  region size 1024K, 5 young (5120K), 5 survivors (5120K)
 Metaspace       used 141526K, committed 142464K, reserved 1179648K
  class space    used 19888K, committed 20352K, reserved 1048576K
}
Event: 488.436 GC heap before
{Heap before GC invocations=70 (full 0):
 garbage-first heap   total 281600K, used 128466K [0x0000000080000000, 0x0000000100000000)
  region size 1024K, 13 young (13312K), 5 survivors (5120K)
 Metaspace       used 141577K, committed 142528K, reserved 1179648K
  class space    used 19889K, committed 20352K, reserved 1048576K
}
Event: 488.443 GC heap after
{Heap after GC invocations=71 (full 0):
 garbage-first heap   total 281600K, used 113423K [0x0000000080000000, 0x0000000100000000)
  region size 1024K, 2 young (2048K), 2 survivors (2048K)
 Metaspace       used 141577K, committed 142528K, reserved 1179648K
  class space    used 19889K, committed 20352K, reserved 1048576K
}
Event: 488.753 GC heap before
{Heap before GC invocations=71 (full 0):
 garbage-first heap   total 281600K, used 140047K [0x0000000080000000, 0x0000000100000000)
  region size 1024K, 30 young (30720K), 2 survivors (2048K)
 Metaspace       used 141728K, committed 142720K, reserved 1179648K
  class space    used 19894K, committed 20352K, reserved 1048576K
}
Event: 488.758 GC heap after
{Heap after GC invocations=72 (full 0):
 garbage-first heap   total 281600K, used 117345K [0x0000000080000000, 0x0000000100000000)
  region size 1024K, 6 young (6144K), 6 survivors (6144K)
 Metaspace       used 141728K, committed 142720K, reserved 1179648K
  class space    used 19894K, committed 20352K, reserved 1048576K
}
Event: 490.637 GC heap before
{Heap before GC invocations=73 (full 0):
 garbage-first heap   total 281600K, used 228961K [0x0000000080000000, 0x0000000100000000)
  region size 1024K, 98 young (100352K), 6 survivors (6144K)
 Metaspace       used 142003K, committed 142976K, reserved 1179648K
  class space    used 19917K, committed 20416K, reserved 1048576K
}
Event: 490.649 GC heap after
{Heap after GC invocations=74 (full 0):
 garbage-first heap   total 281600K, used 122263K [0x0000000080000000, 0x0000000100000000)
  region size 1024K, 12 young (12288K), 12 survivors (12288K)
 Metaspace       used 142003K, committed 142976K, reserved 1179648K
  class space    used 19917K, committed 20416K, reserved 1048576K
}
Event: 490.652 GC heap before
{Heap before GC invocations=74 (full 0):
 garbage-first heap   total 281600K, used 123287K [0x0000000080000000, 0x0000000100000000)
  region size 1024K, 13 young (13312K), 12 survivors (12288K)
 Metaspace       used 142003K, committed 142976K, reserved 1179648K
  class space    used 19917K, committed 20416K, reserved 1048576K
}
Event: 490.665 GC heap after
{Heap after GC invocations=75 (full 0):
 garbage-first heap   total 281600K, used 112553K [0x0000000080000000, 0x0000000100000000)
  region size 1024K, 2 young (2048K), 2 survivors (2048K)
 Metaspace       used 142003K, committed 142976K, reserved 1179648K
  class space    used 19917K, committed 20416K, reserved 1048576K
}
Event: 490.918 GC heap before
{Heap before GC invocations=75 (full 0):
 garbage-first heap   total 281600K, used 140201K [0x0000000080000000, 0x0000000100000000)
  region size 1024K, 31 young (31744K), 2 survivors (2048K)
 Metaspace       used 142080K, committed 143104K, reserved 1179648K
  class space    used 19922K, committed 20416K, reserved 1048576K
}

