# JRE version: OpenJDK Runtime Environment (17.0.10) (build 17.0.10+0--11572160)
# Java VM: OpenJDK 64-Bit Server VM (17.0.10+0--11572160, mixed mode, tiered, compressed oops, compressed class ptrs, g1 gc, windows-amd64)
GC Precious Log:
 CPUs: 12 total, 12 available
 Memory: 15741M
 Large Page Support: Disabled
 NUMA Support: Disabled
 Compressed Oops: Enabled (32-bit)
 Heap Region Size: 1M
 Heap Min Capacity: 8M
 Heap Initial Capacity: 246M
 Heap Max Capacity: 2G
 Pre-touch: Disabled
 Parallel Workers: 10
 Concurrent Workers: 3
 Concurrent Refinement Workers: 10
 Periodic GC: Disabled
Heap:
 garbage-first heap   total 495616K, used 135715K [0x0000000080000000, 0x0000000100000000)
  region size 1024K, 6 young (6144K), 6 survivors (6144K)
 Metaspace       used 151585K, committed 153472K, reserved 1245184K
  class space    used 20010K, committed 20928K, reserved 1048576K
GC Heap History (20 events):
Event: 3548.825 GC heap after
{Heap after GC invocations=116 (full 0):
 garbage-first heap   total 457728K, used 118819K [0x0000000080000000, 0x0000000100000000)
  region size 1024K, 2 young (2048K), 2 survivors (2048K)
 Metaspace       used 151073K, committed 152960K, reserved 1245184K
  class space    used 20007K, committed 20928K, reserved 1048576K
}
Event: 3548.865 GC heap before
{Heap before GC invocations=116 (full 0):
 garbage-first heap   total 457728K, used 128035K [0x0000000080000000, 0x0000000100000000)
  region size 1024K, 13 young (13312K), 2 survivors (2048K)
 Metaspace       used 151090K, committed 152960K, reserved 1245184K
  class space    used 20007K, committed 20928K, reserved 1048576K
}
Event: 3548.867 GC heap after
{Heap after GC invocations=117 (full 0):
 garbage-first heap   total 457728K, used 118130K [0x0000000080000000, 0x0000000100000000)
  region size 1024K, 1 young (1024K), 1 survivors (1024K)
 Metaspace       used 151090K, committed 152960K, reserved 1245184K
  class space    used 20007K, committed 20928K, reserved 1048576K
}
Event: 3692.169 GC heap before
{Heap before GC invocations=118 (full 0):
 garbage-first heap   total 457728K, used 406898K [0x0000000080000000, 0x0000000100000000)
  region size 1024K, 228 young (233472K), 1 survivors (1024K)
 Metaspace       used 151262K, committed 153152K, reserved 1245184K
  class space    used 20008K, committed 20928K, reserved 1048576K
}
Event: 3692.176 GC heap after
{Heap after GC invocations=119 (full 0):
 garbage-first heap   total 457728K, used 128045K [0x0000000080000000, 0x0000000100000000)
  region size 1024K, 9 young (9216K), 9 survivors (9216K)
 Metaspace       used 151262K, committed 153152K, reserved 1245184K
  class space    used 20008K, committed 20928K, reserved 1048576K
}
Event: 3692.228 GC heap before
{Heap before GC invocations=119 (full 0):
 garbage-first heap   total 457728K, used 140333K [0x0000000080000000, 0x0000000100000000)
  region size 1024K, 22 young (22528K), 9 survivors (9216K)
 Metaspace       used 151266K, committed 153152K, reserved 1245184K
  class space    used 20008K, committed 20928K, reserved 1048576K
}
Event: 3692.234 GC heap after
{Heap after GC invocations=120 (full 0):
 garbage-first heap   total 457728K, used 118571K [0x0000000080000000, 0x0000000100000000)
  region size 1024K, 2 young (2048K), 2 survivors (2048K)
 Metaspace       used 151266K, committed 153152K, reserved 1245184K
  class space    used 20008K, committed 20928K, reserved 1048576K
}
Event: 3692.308 GC heap before
{Heap before GC invocations=120 (full 0):
 garbage-first heap   total 457728K, used 124715K [0x0000000080000000, 0x0000000100000000)
  region size 1024K, 9 young (9216K), 2 survivors (2048K)
 Metaspace       used 151266K, committed 153152K, reserved 1245184K
  class space    used 20008K, committed 20928K, reserved 1048576K
}
Event: 3692.310 GC heap after
{Heap after GC invocations=121 (full 0):
 garbage-first heap   total 457728K, used 120743K [0x0000000080000000, 0x0000000100000000)
  region size 1024K, 4 young (4096K), 4 survivors (4096K)
 Metaspace       used 151266K, committed 153152K, reserved 1245184K
  class space    used 20008K, committed 20928K, reserved 1048576K
}
Event: 3727.047 GC heap before
{Heap before GC invocations=122 (full 0):
 garbage-first heap   total 437248K, used 340903K [0x0000000080000000, 0x0000000100000000)
  region size 1024K, 191 young (195584K), 4 survivors (4096K)
 Metaspace       used 151364K, committed 153216K, reserved 1245184K
  class space    used 20008K, committed 20928K, reserved 1048576K
}
Event: 3727.059 GC heap after
{Heap after GC invocations=123 (full 0):
 garbage-first heap   total 437248K, used 141465K [0x0000000080000000, 0x0000000100000000)
  region size 1024K, 23 young (23552K), 23 survivors (23552K)
 Metaspace       used 151364K, committed 153216K, reserved 1245184K
  class space    used 20008K, committed 20928K, reserved 1048576K
}
Event: 3727.062 GC heap before
{Heap before GC invocations=123 (full 0):
 garbage-first heap   total 437248K, used 142489K [0x0000000080000000, 0x0000000100000000)
  region size 1024K, 24 young (24576K), 23 survivors (23552K)
 Metaspace       used 151364K, committed 153216K, reserved 1245184K
  class space    used 20008K, committed 20928K, reserved 1048576K
}
Event: 3727.073 GC heap after
{Heap after GC invocations=124 (full 0):
 garbage-first heap   total 437248K, used 132208K [0x0000000080000000, 0x0000000100000000)
  region size 1024K, 3 young (3072K), 3 survivors (3072K)
 Metaspace       used 151364K, committed 153216K, reserved 1245184K
  class space    used 20008K, committed 20928K, reserved 1048576K
}
Event: 3727.236 GC heap before
{Heap before GC invocations=124 (full 0):
 garbage-first heap   total 437248K, used 173168K [0x0000000080000000, 0x0000000100000000)
  region size 1024K, 45 young (46080K), 3 survivors (3072K)
 Metaspace       used 151398K, committed 153280K, reserved 1245184K
  class space    used 20008K, committed 20928K, reserved 1048576K
}
Event: 3727.239 GC heap after
{Heap after GC invocations=125 (full 0):
 garbage-first heap   total 437248K, used 133499K [0x0000000080000000, 0x0000000100000000)
  region size 1024K, 4 young (4096K), 4 survivors (4096K)
 Metaspace       used 151398K, committed 153280K, reserved 1245184K
  class space    used 20008K, committed 20928K, reserved 1048576K
}
Event: 3869.013 GC heap before
{Heap before GC invocations=126 (full 0):
 garbage-first heap   total 437248K, used 344443K [0x0000000080000000, 0x0000000100000000)
  region size 1024K, 165 young (168960K), 4 survivors (4096K)
 Metaspace       used 151559K, committed 153472K, reserved 1245184K
  class space    used 20010K, committed 20928K, reserved 1048576K
}
Event: 3869.021 GC heap after
{Heap after GC invocations=127 (full 0):
 garbage-first heap   total 437248K, used 144591K [0x0000000080000000, 0x0000000100000000)
  region size 1024K, 15 young (15360K), 15 survivors (15360K)
 Metaspace       used 151559K, committed 153472K, reserved 1245184K
  class space    used 20010K, committed 20928K, reserved 1048576K
}
Event: 3869.026 GC heap before
{Heap before GC invocations=127 (full 0):
 garbage-first heap   total 437248K, used 149711K [0x0000000080000000, 0x0000000100000000)
  region size 1024K, 21 young (21504K), 15 survivors (15360K)
 Metaspace       used 151559K, committed 153472K, reserved 1245184K
  class space    used 20010K, committed 20928K, reserved 1048576K
}
Event: 3869.037 GC heap after
{Heap after GC invocations=128 (full 0):
 garbage-first heap   total 437248K, used 132238K [0x0000000080000000, 0x0000000100000000)
  region size 1024K, 2 young (2048K), 2 survivors (2048K)
 Metaspace       used 151559K, committed 153472K, reserved 1245184K
  class space    used 20010K, committed 20928K, reserved 1048576K
}
Event: 3869.283 GC heap before
{Heap before GC invocations=128 (full 0):
 garbage-first heap   total 437248K, used 185486K [0x0000000080000000, 0x0000000100000000)
  region size 1024K, 56 young (57344K), 2 survivors (2048K)
 Metaspace       used 151585K, committed 153472K, reserved 1245184K
  class space    used 20010K, committed 20928K, reserved 1048576K
}

