# JRE version: OpenJDK Runtime Environment (17.0.10) (build 17.0.10+0--11572160)
# Java VM: OpenJDK 64-Bit Server VM (17.0.10+0--11572160, mixed mode, tiered, compressed oops, compressed class ptrs, g1 gc, windows-amd64)
GC Precious Log:
 CPUs: 12 total, 12 available
 Memory: 15741M
 Large Page Support: Disabled
 NUMA Support: Disabled
 Compressed Oops: Enabled (32-bit)
 Heap Region Size: 1M
 Heap Min Capacity: 8M
 Heap Initial Capacity: 246M
 Heap Max Capacity: 2G
 Pre-touch: Disabled
 Parallel Workers: 10
 Concurrent Workers: 3
 Concurrent Refinement Workers: 10
 Periodic GC: Disabled
Heap:
 garbage-first heap   total 404480K, used 110824K [0x0000000080000000, 0x0000000100000000)
  region size 1024K, 4 young (4096K), 4 survivors (4096K)
 Metaspace       used 132779K, committed 134528K, reserved 1179648K
  class space    used 18181K, committed 19008K, reserved 1048576K
GC Heap History (20 events):
Event: 7363.760 GC heap after
{Heap after GC invocations=79 (full 0):
 garbage-first heap   total 348160K, used 115423K [0x0000000080000000, 0x0000000100000000)
  region size 1024K, 2 young (2048K), 2 survivors (2048K)
 Metaspace       used 130566K, committed 131840K, reserved 1179648K
  class space    used 17873K, committed 18432K, reserved 1048576K
}
Event: 7454.832 GC heap before
{Heap before GC invocations=79 (full 0):
 garbage-first heap   total 348160K, used 240351K [0x0000000080000000, 0x0000000100000000)
  region size 1024K, 126 young (129024K), 2 survivors (2048K)
 Metaspace       used 130678K, committed 131904K, reserved 1179648K
  class space    used 17875K, committed 18432K, reserved 1048576K
}
Event: 7454.843 GC heap after
{Heap after GC invocations=80 (full 0):
 garbage-first heap   total 348160K, used 128880K [0x0000000080000000, 0x0000000100000000)
  region size 1024K, 16 young (16384K), 16 survivors (16384K)
 Metaspace       used 130678K, committed 131904K, reserved 1179648K
  class space    used 17875K, committed 18432K, reserved 1048576K
}
Event: 7514.515 GC heap before
{Heap before GC invocations=81 (full 0):
 garbage-first heap   total 348160K, used 303984K [0x0000000080000000, 0x0000000100000000)
  region size 1024K, 159 young (162816K), 16 survivors (16384K)
 Metaspace       used 130975K, committed 132224K, reserved 1179648K
  class space    used 17880K, committed 18432K, reserved 1048576K
}
Event: 7514.528 GC heap after
{Heap after GC invocations=82 (full 0):
 garbage-first heap   total 348160K, used 130743K [0x0000000080000000, 0x0000000100000000)
  region size 1024K, 10 young (10240K), 10 survivors (10240K)
 Metaspace       used 130975K, committed 132224K, reserved 1179648K
  class space    used 17880K, committed 18432K, reserved 1048576K
}
Event: 7514.616 GC heap before
{Heap before GC invocations=82 (full 0):
 garbage-first heap   total 348160K, used 136887K [0x0000000080000000, 0x0000000100000000)
  region size 1024K, 17 young (17408K), 10 survivors (10240K)
 Metaspace       used 130983K, committed 132224K, reserved 1179648K
  class space    used 17880K, committed 18432K, reserved 1048576K
}
Event: 7514.628 GC heap after
{Heap after GC invocations=83 (full 0):
 garbage-first heap   total 348160K, used 113462K [0x0000000080000000, 0x0000000100000000)
  region size 1024K, 3 young (3072K), 3 survivors (3072K)
 Metaspace       used 130983K, committed 132224K, reserved 1179648K
  class space    used 17880K, committed 18432K, reserved 1048576K
}
Event: 7514.661 GC heap before
{Heap before GC invocations=83 (full 0):
 garbage-first heap   total 348160K, used 115510K [0x0000000080000000, 0x0000000100000000)
  region size 1024K, 6 young (6144K), 3 survivors (3072K)
 Metaspace       used 131008K, committed 132224K, reserved 1179648K
  class space    used 17880K, committed 18432K, reserved 1048576K
}
Event: 7514.664 GC heap after
{Heap after GC invocations=84 (full 0):
 garbage-first heap   total 348160K, used 114371K [0x0000000080000000, 0x0000000100000000)
  region size 1024K, 4 young (4096K), 4 survivors (4096K)
 Metaspace       used 131008K, committed 132224K, reserved 1179648K
  class space    used 17880K, committed 18432K, reserved 1048576K
}
Event: 7587.991 GC heap before
{Heap before GC invocations=85 (full 0):
 garbage-first heap   total 348160K, used 268995K [0x0000000080000000, 0x0000000100000000)
  region size 1024K, 127 young (130048K), 4 survivors (4096K)
 Metaspace       used 132358K, committed 134016K, reserved 1179648K
  class space    used 18131K, committed 18880K, reserved 1048576K
}
Event: 7587.999 GC heap after
{Heap after GC invocations=86 (full 0):
 garbage-first heap   total 348160K, used 120897K [0x0000000080000000, 0x0000000100000000)
  region size 1024K, 8 young (8192K), 8 survivors (8192K)
 Metaspace       used 132358K, committed 134016K, reserved 1179648K
  class space    used 18131K, committed 18880K, reserved 1048576K
}
Event: 7588.054 GC heap before
{Heap before GC invocations=86 (full 0):
 garbage-first heap   total 348160K, used 130113K [0x0000000080000000, 0x0000000100000000)
  region size 1024K, 17 young (17408K), 8 survivors (8192K)
 Metaspace       used 132411K, committed 134080K, reserved 1179648K
  class space    used 18143K, committed 18944K, reserved 1048576K
}
Event: 7588.063 GC heap after
{Heap after GC invocations=87 (full 0):
 garbage-first heap   total 348160K, used 107551K [0x0000000080000000, 0x0000000100000000)
  region size 1024K, 3 young (3072K), 3 survivors (3072K)
 Metaspace       used 132411K, committed 134080K, reserved 1179648K
  class space    used 18143K, committed 18944K, reserved 1048576K
}
Event: 7588.281 GC heap before
{Heap before GC invocations=87 (full 0):
 garbage-first heap   total 348160K, used 137247K [0x0000000080000000, 0x0000000100000000)
  region size 1024K, 33 young (33792K), 3 survivors (3072K)
 Metaspace       used 132530K, committed 134208K, reserved 1179648K
  class space    used 18162K, committed 18944K, reserved 1048576K
}
Event: 7588.285 GC heap after
{Heap after GC invocations=88 (full 0):
 garbage-first heap   total 348160K, used 111352K [0x0000000080000000, 0x0000000100000000)
  region size 1024K, 7 young (7168K), 7 survivors (7168K)
 Metaspace       used 132530K, committed 134208K, reserved 1179648K
  class space    used 18162K, committed 18944K, reserved 1048576K
}
Event: 7641.619 GC heap before
{Heap before GC invocations=89 (full 0):
 garbage-first heap   total 348160K, used 279288K [0x0000000080000000, 0x0000000100000000)
  region size 1024K, 143 young (146432K), 7 survivors (7168K)
 Metaspace       used 132760K, committed 134464K, reserved 1179648K
  class space    used 18181K, committed 19008K, reserved 1048576K
}
Event: 7641.627 GC heap after
{Heap after GC invocations=90 (full 0):
 garbage-first heap   total 348160K, used 119964K [0x0000000080000000, 0x0000000100000000)
  region size 1024K, 13 young (13312K), 13 survivors (13312K)
 Metaspace       used 132760K, committed 134464K, reserved 1179648K
  class space    used 18181K, committed 19008K, reserved 1048576K
}
Event: 7641.649 GC heap before
{Heap before GC invocations=90 (full 0):
 garbage-first heap   total 348160K, used 124060K [0x0000000080000000, 0x0000000100000000)
  region size 1024K, 17 young (17408K), 13 survivors (13312K)
 Metaspace       used 132760K, committed 134464K, reserved 1179648K
  class space    used 18181K, committed 19008K, reserved 1048576K
}
Event: 7641.661 GC heap after
{Heap after GC invocations=91 (full 0):
 garbage-first heap   total 348160K, used 109201K [0x0000000080000000, 0x0000000100000000)
  region size 1024K, 2 young (2048K), 2 survivors (2048K)
 Metaspace       used 132760K, committed 134464K, reserved 1179648K
  class space    used 18181K, committed 19008K, reserved 1048576K
}
Event: 7641.793 GC heap before
{Heap before GC invocations=91 (full 0):
 garbage-first heap   total 348160K, used 122513K [0x0000000080000000, 0x0000000100000000)
  region size 1024K, 16 young (16384K), 2 survivors (2048K)
 Metaspace       used 132779K, committed 134528K, reserved 1179648K
  class space    used 18181K, committed 19008K, reserved 1048576K
}

