# JRE version: OpenJDK Runtime Environment (17.0.10) (build 17.0.10+0--11572160)
# Java VM: OpenJDK 64-Bit Server VM (17.0.10+0--11572160, mixed mode, tiered, compressed oops, compressed class ptrs, g1 gc, windows-amd64)
GC Precious Log:
 CPUs: 12 total, 12 available
 Memory: 15741M
 Large Page Support: Disabled
 NUMA Support: Disabled
 Compressed Oops: Enabled (32-bit)
 Heap Region Size: 1M
 Heap Min Capacity: 8M
 Heap Initial Capacity: 246M
 Heap Max Capacity: 2G
 Pre-touch: Disabled
 Parallel Workers: 10
 Concurrent Workers: 3
 Concurrent Refinement Workers: 10
 Periodic GC: Disabled
Heap:
 garbage-first heap   total 251904K, used 115931K [0x0000000080000000, 0x0000000100000000)
  region size 1024K, 4 young (4096K), 4 survivors (4096K)
 Metaspace       used 102491K, committed 103232K, reserved 1179648K
  class space    used 14171K, committed 14528K, reserved 1048576K
GC Heap History (20 events):
Event: 8.760 GC heap after
{Heap after GC invocations=30 (full 0):
 garbage-first heap   total 184320K, used 59411K [0x0000000080000000, 0x0000000100000000)
  region size 1024K, 4 young (4096K), 4 survivors (4096K)
 Metaspace       used 67334K, committed 67904K, reserved 1114112K
  class space    used 9267K, committed 9536K, reserved 1048576K
}
Event: 9.500 GC heap before
{Heap before GC invocations=31 (full 0):
 garbage-first heap   total 184320K, used 137235K [0x0000000080000000, 0x0000000100000000)
  region size 1024K, 80 young (81920K), 4 survivors (4096K)
 Metaspace       used 74663K, committed 75264K, reserved 1114112K
  class space    used 10235K, committed 10496K, reserved 1048576K
}
Event: 9.504 GC heap after
{Heap after GC invocations=32 (full 0):
 garbage-first heap   total 184320K, used 63038K [0x0000000080000000, 0x0000000100000000)
  region size 1024K, 8 young (8192K), 8 survivors (8192K)
 Metaspace       used 74663K, committed 75264K, reserved 1114112K
  class space    used 10235K, committed 10496K, reserved 1048576K
}
Event: 9.513 GC heap before
{Heap before GC invocations=32 (full 0):
 garbage-first heap   total 184320K, used 64062K [0x0000000080000000, 0x0000000100000000)
  region size 1024K, 9 young (9216K), 8 survivors (8192K)
 Metaspace       used 74780K, committed 75328K, reserved 1114112K
  class space    used 10257K, committed 10496K, reserved 1048576K
}
Event: 9.516 GC heap after
{Heap after GC invocations=33 (full 0):
 garbage-first heap   total 184320K, used 63319K [0x0000000080000000, 0x0000000100000000)
  region size 1024K, 1 young (1024K), 1 survivors (1024K)
 Metaspace       used 74780K, committed 75328K, reserved 1114112K
  class space    used 10257K, committed 10496K, reserved 1048576K
}
Event: 10.346 GC heap before
{Heap before GC invocations=33 (full 0):
 garbage-first heap   total 184320K, used 143191K [0x0000000080000000, 0x0000000100000000)
  region size 1024K, 79 young (80896K), 1 survivors (1024K)
 Metaspace       used 79167K, committed 79744K, reserved 1179648K
  class space    used 10939K, committed 11200K, reserved 1048576K
}
Event: 10.349 GC heap after
{Heap after GC invocations=34 (full 0):
 garbage-first heap   total 184320K, used 66996K [0x0000000080000000, 0x0000000100000000)
  region size 1024K, 5 young (5120K), 5 survivors (5120K)
 Metaspace       used 79167K, committed 79744K, reserved 1179648K
  class space    used 10939K, committed 11200K, reserved 1048576K
}
Event: 11.257 GC heap before
{Heap before GC invocations=34 (full 0):
 garbage-first heap   total 184320K, used 144820K [0x0000000080000000, 0x0000000100000000)
  region size 1024K, 81 young (82944K), 5 survivors (5120K)
 Metaspace       used 85094K, committed 85696K, reserved 1179648K
  class space    used 11893K, committed 12160K, reserved 1048576K
}
Event: 11.262 GC heap after
{Heap after GC invocations=35 (full 0):
 garbage-first heap   total 184320K, used 71101K [0x0000000080000000, 0x0000000100000000)
  region size 1024K, 9 young (9216K), 9 survivors (9216K)
 Metaspace       used 85094K, committed 85696K, reserved 1179648K
  class space    used 11893K, committed 12160K, reserved 1048576K
}
Event: 12.047 GC heap before
{Heap before GC invocations=35 (full 0):
 garbage-first heap   total 184320K, used 147901K [0x0000000080000000, 0x0000000100000000)
  region size 1024K, 84 young (86016K), 9 survivors (9216K)
 Metaspace       used 91229K, committed 91968K, reserved 1179648K
  class space    used 12792K, committed 13120K, reserved 1048576K
}
Event: 12.053 GC heap after
{Heap after GC invocations=36 (full 0):
 garbage-first heap   total 184320K, used 75742K [0x0000000080000000, 0x0000000100000000)
  region size 1024K, 9 young (9216K), 9 survivors (9216K)
 Metaspace       used 91229K, committed 91968K, reserved 1179648K
  class space    used 12792K, committed 13120K, reserved 1048576K
}
Event: 12.571 GC heap before
{Heap before GC invocations=36 (full 0):
 garbage-first heap   total 184320K, used 149470K [0x0000000080000000, 0x0000000100000000)
  region size 1024K, 81 young (82944K), 9 survivors (9216K)
 Metaspace       used 93509K, committed 94272K, reserved 1179648K
  class space    used 13166K, committed 13504K, reserved 1048576K
}
Event: 12.577 GC heap after
{Heap after GC invocations=37 (full 0):
 garbage-first heap   total 184320K, used 82049K [0x0000000080000000, 0x0000000100000000)
  region size 1024K, 11 young (11264K), 11 survivors (11264K)
 Metaspace       used 93509K, committed 94272K, reserved 1179648K
  class space    used 13166K, committed 13504K, reserved 1048576K
}
Event: 12.995 GC heap before
{Heap before GC invocations=37 (full 0):
 garbage-first heap   total 184320K, used 154753K [0x0000000080000000, 0x0000000100000000)
  region size 1024K, 76 young (77824K), 11 survivors (11264K)
 Metaspace       used 95830K, committed 96576K, reserved 1179648K
  class space    used 13396K, committed 13760K, reserved 1048576K
}
Event: 13.003 GC heap after
{Heap after GC invocations=38 (full 0):
 garbage-first heap   total 184320K, used 91421K [0x0000000080000000, 0x0000000100000000)
  region size 1024K, 10 young (10240K), 10 survivors (10240K)
 Metaspace       used 95830K, committed 96576K, reserved 1179648K
  class space    used 13396K, committed 13760K, reserved 1048576K
}
Event: 13.568 GC heap before
{Heap before GC invocations=38 (full 0):
 garbage-first heap   total 184320K, used 145693K [0x0000000080000000, 0x0000000100000000)
  region size 1024K, 64 young (65536K), 10 survivors (10240K)
 Metaspace       used 99619K, committed 100352K, reserved 1179648K
  class space    used 13863K, committed 14208K, reserved 1048576K
}
Event: 13.578 GC heap after
{Heap after GC invocations=39 (full 0):
 garbage-first heap   total 184320K, used 103424K [0x0000000080000000, 0x0000000100000000)
  region size 1024K, 8 young (8192K), 8 survivors (8192K)
 Metaspace       used 99619K, committed 100352K, reserved 1179648K
  class space    used 13863K, committed 14208K, reserved 1048576K
}
Event: 13.866 GC heap before
{Heap before GC invocations=39 (full 0):
 garbage-first heap   total 184320K, used 160768K [0x0000000080000000, 0x0000000100000000)
  region size 1024K, 48 young (49152K), 8 survivors (8192K)
 Metaspace       used 101881K, committed 102656K, reserved 1179648K
  class space    used 14101K, committed 14464K, reserved 1048576K
}
Event: 13.874 GC heap after
{Heap after GC invocations=40 (full 0):
 garbage-first heap   total 184320K, used 113171K [0x0000000080000000, 0x0000000100000000)
  region size 1024K, 6 young (6144K), 6 survivors (6144K)
 Metaspace       used 101881K, committed 102656K, reserved 1179648K
  class space    used 14101K, committed 14464K, reserved 1048576K
}
Event: 14.045 GC heap before
{Heap before GC invocations=40 (full 0):
 garbage-first heap   total 184320K, used 147987K [0x0000000080000000, 0x0000000100000000)
  region size 1024K, 41 young (41984K), 6 survivors (6144K)
 Metaspace       used 102491K, committed 103232K, reserved 1179648K
  class space    used 14171K, committed 14528K, reserved 1048576K
}

