# JRE version: OpenJDK Runtime Environment (17.0.10) (build 17.0.10+0--11572160)
# Java VM: OpenJDK 64-Bit Server VM (17.0.10+0--11572160, mixed mode, tiered, compressed oops, compressed class ptrs, g1 gc, windows-amd64)
GC Precious Log:
 CPUs: 12 total, 12 available
 Memory: 15741M
 Large Page Support: Disabled
 NUMA Support: Disabled
 Compressed Oops: Enabled (32-bit)
 Heap Region Size: 1M
 Heap Min Capacity: 8M
 Heap Initial Capacity: 246M
 Heap Max Capacity: 2G
 Pre-touch: Disabled
 Parallel Workers: 10
 Concurrent Workers: 3
 Concurrent Refinement Workers: 10
 Periodic GC: Disabled
Heap:
 garbage-first heap   total 427008K, used 118793K [0x0000000080000000, 0x0000000100000000)
  region size 1024K, 8 young (8192K), 8 survivors (8192K)
 Metaspace       used 156800K, committed 158528K, reserved 1245184K
  class space    used 21338K, committed 22144K, reserved 1048576K
GC Heap History (20 events):
Event: 20819.872 GC heap after
{Heap after GC invocations=101 (full 0):
 garbage-first heap   total 440320K, used 113411K [0x0000000080000000, 0x0000000100000000)
  region size 1024K, 2 young (2048K), 2 survivors (2048K)
 Metaspace       used 155760K, committed 157760K, reserved 1245184K
  class space    used 21242K, committed 22144K, reserved 1048576K
}
Event: 20820.144 GC heap before
{Heap before GC invocations=101 (full 0):
 garbage-first heap   total 440320K, used 199427K [0x0000000080000000, 0x0000000100000000)
  region size 1024K, 88 young (90112K), 2 survivors (2048K)
 Metaspace       used 155818K, committed 157760K, reserved 1245184K
  class space    used 21242K, committed 22144K, reserved 1048576K
}
Event: 20820.149 GC heap after
{Heap after GC invocations=102 (full 0):
 garbage-first heap   total 440320K, used 117821K [0x0000000080000000, 0x0000000100000000)
  region size 1024K, 7 young (7168K), 7 survivors (7168K)
 Metaspace       used 155818K, committed 157760K, reserved 1245184K
  class space    used 21242K, committed 22144K, reserved 1048576K
}
Event: 20988.004 GC heap before
{Heap before GC invocations=103 (full 0):
 garbage-first heap   total 427008K, used 397373K [0x0000000080000000, 0x0000000100000000)
  region size 1024K, 231 young (236544K), 7 survivors (7168K)
 Metaspace       used 156490K, committed 158208K, reserved 1245184K
  class space    used 21329K, committed 22144K, reserved 1048576K
}
Event: 20988.021 GC heap after
{Heap after GC invocations=104 (full 0):
 garbage-first heap   total 427008K, used 127669K [0x0000000080000000, 0x0000000100000000)
  region size 1024K, 16 young (16384K), 16 survivors (16384K)
 Metaspace       used 156490K, committed 158208K, reserved 1245184K
  class space    used 21329K, committed 22144K, reserved 1048576K
}
Event: 20988.027 GC heap before
{Heap before GC invocations=104 (full 0):
 garbage-first heap   total 427008K, used 130741K [0x0000000080000000, 0x0000000100000000)
  region size 1024K, 20 young (20480K), 16 survivors (16384K)
 Metaspace       used 156490K, committed 158208K, reserved 1245184K
  class space    used 21329K, committed 22144K, reserved 1048576K
}
Event: 20988.037 GC heap after
{Heap after GC invocations=105 (full 0):
 garbage-first heap   total 427008K, used 124448K [0x0000000080000000, 0x0000000100000000)
  region size 1024K, 2 young (2048K), 2 survivors (2048K)
 Metaspace       used 156490K, committed 158208K, reserved 1245184K
  class space    used 21329K, committed 22144K, reserved 1048576K
}
Event: 20988.152 GC heap before
{Heap before GC invocations=105 (full 0):
 garbage-first heap   total 427008K, used 138784K [0x0000000080000000, 0x0000000100000000)
  region size 1024K, 17 young (17408K), 2 survivors (2048K)
 Metaspace       used 156516K, committed 158272K, reserved 1245184K
  class space    used 21329K, committed 22144K, reserved 1048576K
}
Event: 20988.154 GC heap after
{Heap after GC invocations=106 (full 0):
 garbage-first heap   total 427008K, used 126654K [0x0000000080000000, 0x0000000100000000)
  region size 1024K, 4 young (4096K), 4 survivors (4096K)
 Metaspace       used 156516K, committed 158272K, reserved 1245184K
  class space    used 21329K, committed 22144K, reserved 1048576K
}
Event: 21360.519 GC heap before
{Heap before GC invocations=107 (full 0):
 garbage-first heap   total 427008K, used 388027K [0x0000000080000000, 0x0000000100000000)
  region size 1024K, 215 young (220160K), 4 survivors (4096K)
 Metaspace       used 156652K, committed 158400K, reserved 1245184K
  class space    used 21330K, committed 22144K, reserved 1048576K
}
Event: 21360.530 GC heap after
{Heap after GC invocations=108 (full 0):
 garbage-first heap   total 427008K, used 135042K [0x0000000080000000, 0x0000000100000000)
  region size 1024K, 13 young (13312K), 13 survivors (13312K)
 Metaspace       used 156652K, committed 158400K, reserved 1245184K
  class space    used 21330K, committed 22144K, reserved 1048576K
}
Event: 21360.555 GC heap before
{Heap before GC invocations=108 (full 0):
 garbage-first heap   total 427008K, used 142210K [0x0000000080000000, 0x0000000100000000)
  region size 1024K, 20 young (20480K), 13 survivors (13312K)
 Metaspace       used 156655K, committed 158400K, reserved 1245184K
  class space    used 21331K, committed 22144K, reserved 1048576K
}
Event: 21360.562 GC heap after
{Heap after GC invocations=109 (full 0):
 garbage-first heap   total 427008K, used 123990K [0x0000000080000000, 0x0000000100000000)
  region size 1024K, 2 young (2048K), 2 survivors (2048K)
 Metaspace       used 156655K, committed 158400K, reserved 1245184K
  class space    used 21331K, committed 22144K, reserved 1048576K
}
Event: 21361.859 GC heap before
{Heap before GC invocations=109 (full 0):
 garbage-first heap   total 427008K, used 161878K [0x0000000080000000, 0x0000000100000000)
  region size 1024K, 41 young (41984K), 2 survivors (2048K)
 Metaspace       used 156666K, committed 158400K, reserved 1245184K
  class space    used 21331K, committed 22144K, reserved 1048576K
}
Event: 21361.863 GC heap after
{Heap after GC invocations=110 (full 0):
 garbage-first heap   total 427008K, used 124136K [0x0000000080000000, 0x0000000100000000)
  region size 1024K, 2 young (2048K), 2 survivors (2048K)
 Metaspace       used 156666K, committed 158400K, reserved 1245184K
  class space    used 21331K, committed 22144K, reserved 1048576K
}
Event: 23772.442 GC heap before
{Heap before GC invocations=111 (full 0):
 garbage-first heap   total 427008K, used 400616K [0x0000000080000000, 0x0000000100000000)
  region size 1024K, 217 young (222208K), 2 survivors (2048K)
 Metaspace       used 156747K, committed 158464K, reserved 1245184K
  class space    used 21337K, committed 22144K, reserved 1048576K
}
Event: 23772.445 GC heap after
{Heap after GC invocations=112 (full 0):
 garbage-first heap   total 427008K, used 127118K [0x0000000080000000, 0x0000000100000000)
  region size 1024K, 3 young (3072K), 3 survivors (3072K)
 Metaspace       used 156747K, committed 158464K, reserved 1245184K
  class space    used 21337K, committed 22144K, reserved 1048576K
}
Event: 23772.524 GC heap before
{Heap before GC invocations=112 (full 0):
 garbage-first heap   total 427008K, used 143502K [0x0000000080000000, 0x0000000100000000)
  region size 1024K, 20 young (20480K), 3 survivors (3072K)
 Metaspace       used 156765K, committed 158464K, reserved 1245184K
  class space    used 21337K, committed 22144K, reserved 1048576K
}
Event: 23772.529 GC heap after
{Heap after GC invocations=113 (full 0):
 garbage-first heap   total 427008K, used 113747K [0x0000000080000000, 0x0000000100000000)
  region size 1024K, 3 young (3072K), 3 survivors (3072K)
 Metaspace       used 156765K, committed 158464K, reserved 1245184K
  class space    used 21337K, committed 22144K, reserved 1048576K
}
Event: 23772.686 GC heap before
{Heap before GC invocations=113 (full 0):
 garbage-first heap   total 427008K, used 149587K [0x0000000080000000, 0x0000000100000000)
  region size 1024K, 39 young (39936K), 3 survivors (3072K)
 Metaspace       used 156800K, committed 158528K, reserved 1245184K
  class space    used 21338K, committed 22144K, reserved 1048576K
}

